0 info it worked if it ends with ok
1 verbose cli [ '/Users/sc-takahashi/.nodebrew/node/v5.12.0/bin/node',
1 verbose cli   '/Users/sc-takahashi/.nodebrew/current/bin/npm',
1 verbose cli   'start' ]
2 info using npm@3.8.6
3 info using node@v5.12.0
4 verbose run-script [ 'prestart', 'start', 'poststart' ]
5 info lifecycle reveal.js@3.2.0~prestart: reveal.js@3.2.0
6 silly lifecycle reveal.js@3.2.0~prestart: no script for prestart, continuing
7 info lifecycle reveal.js@3.2.0~start: reveal.js@3.2.0
8 verbose lifecycle reveal.js@3.2.0~start: unsafe-perm in lifecycle true
9 verbose lifecycle reveal.js@3.2.0~start: PATH: /Users/sc-takahashi/.nodebrew/node/v5.12.0/lib/node_modules/npm/bin/node-gyp-bin:/Users/sc-takahashi/workspace/redimpulz/iot_lt_slide/node_modules/.bin:/Users/sc-takahashi/.nodebrew/node/v5.12.0/bin:/Users/sc-takahashi/.sdkman/candidates/kotlin/current/bin:/Users/sc-takahashi/.sdkman/candidates/groovy/current/bin:/Users/sc-takahashi/.sdkman/candidates/gradle/current/bin:/Users/sc-takahashi/.rbenv/shims:/Users/sc-takahashi/.rbenv/bin:/Users/sc-takahashi/.pyenv/shims:/Users/sc-takahashi/.pyenv/bin:/Users/sc-takahashi/.nodebrew/current/bin:/usr/local/bin/:/usr/local/bin:/usr/local/sbin:/usr/bin:/bin:/usr/sbin:/sbin:/opt/X11/bin:/Library/TeX/texbin:/Library/Java/JavaVirtualMachines/jdk1.8.0_102.jdk/Contents/Home/bin:/Users/sc-takahashi/Library/Android/sdk/tools:/Users/sc-takahashi/Library/Android/sdk/platform-tools::/Users/sc-takahashi/Library/Android/sdk/build-tools
10 verbose lifecycle reveal.js@3.2.0~start: CWD: /Users/sc-takahashi/workspace/redimpulz/iot_lt_slide
11 silly lifecycle reveal.js@3.2.0~start: Args: [ '-c', 'grunt serve' ]
12 silly lifecycle reveal.js@3.2.0~start: Returned: code: 1  signal: null
13 info lifecycle reveal.js@3.2.0~start: Failed to exec start script
14 verbose stack Error: reveal.js@3.2.0 start: `grunt serve`
14 verbose stack Exit status 1
14 verbose stack     at EventEmitter.<anonymous> (/Users/sc-takahashi/.nodebrew/node/v5.12.0/lib/node_modules/npm/lib/utils/lifecycle.js:239:16)
14 verbose stack     at emitTwo (events.js:100:13)
14 verbose stack     at EventEmitter.emit (events.js:185:7)
14 verbose stack     at ChildProcess.<anonymous> (/Users/sc-takahashi/.nodebrew/node/v5.12.0/lib/node_modules/npm/lib/utils/spawn.js:24:14)
14 verbose stack     at emitTwo (events.js:100:13)
14 verbose stack     at ChildProcess.emit (events.js:185:7)
14 verbose stack     at maybeClose (internal/child_process.js:850:16)
14 verbose stack     at Process.ChildProcess._handle.onexit (internal/child_process.js:215:5)
15 verbose pkgid reveal.js@3.2.0
16 verbose cwd /Users/sc-takahashi/workspace/redimpulz/iot_lt_slide
17 error Darwin 16.1.0
18 error argv "/Users/sc-takahashi/.nodebrew/node/v5.12.0/bin/node" "/Users/sc-takahashi/.nodebrew/current/bin/npm" "start"
19 error node v5.12.0
20 error npm  v3.8.6
21 error code ELIFECYCLE
22 error reveal.js@3.2.0 start: `grunt serve`
22 error Exit status 1
23 error Failed at the reveal.js@3.2.0 start script 'grunt serve'.
23 error Make sure you have the latest version of node.js and npm installed.
23 error If you do, this is most likely a problem with the reveal.js package,
23 error not with npm itself.
23 error Tell the author that this fails on your system:
23 error     grunt serve
23 error You can get information on how to open an issue for this project with:
23 error     npm bugs reveal.js
23 error Or if that isn't available, you can get their info via:
23 error     npm owner ls reveal.js
23 error There is likely additional logging output above.
24 verbose exit [ 1, true ]
